<?xml version="1.0" encoding="UTF-8"?>
<!-- Generated by org.testng.reporters.JUnitReportReporter -->
<testsuite hostname="SHALINIK-IN" name="com.testpack.Test2" tests="1" failures="0" timestamp="2 May 2023 15:17:40 GMT" time="16.910" errors="0">
  <testcase name="test1" time="16.910" classname="com.testpack.Test2"/>
</testsuite> <!-- com.testpack.Test2 -->
