<?xml version="1.0" encoding="UTF-8"?>
<!-- Generated by org.testng.reporters.JUnitReportReporter -->
<testsuite hostname="SHALINIK-IN" name="com.testpack.Test1" tests="1" failures="0" timestamp="5 May 2023 04:36:03 GMT" time="26.174" errors="0">
  <testcase name="searchProTest" time="26.174" classname="com.testpack.Test1"/>
</testsuite> <!-- com.testpack.Test1 -->
