<?xml version="1.0" encoding="UTF-8"?>
<!-- Generated by org.testng.reporters.JUnitReportReporter -->
<testsuite hostname="SHALINIK-IN" name="com.cname.nbrown.TestScenarios.JDW.searchProduct_101_JDW_AMER" tests="1" failures="0" timestamp="8 May 2023 03:48:18 GMT" time="54.367" errors="0">
  <testcase name="searchProductTest" time="54.367" classname="com.cname.nbrown.TestScenarios.JDW.searchProduct_101_JDW_AMER"/>
</testsuite> <!-- com.cname.nbrown.TestScenarios.JDW.searchProduct_101_JDW_AMER -->
